<?xml version="1.0" encoding="UTF-8"?>
<!-- Generated by org.testng.reporters.JUnitReportReporter -->
<testsuite hostname="DESKTOP-CFSKSBJ" failures="0" tests="4" name="com.udemy.spring.springselenium.CucumberRunner" time="86.557" errors="0" timestamp="2025-01-08T01:49:45 IST" skipped="0">
  <testcase classname="com.udemy.spring.springselenium.CucumberRunner" name="runScenario" time="22.385"/>
  <testcase classname="com.udemy.spring.springselenium.CucumberRunner" name="runScenario" time="21.235"/>
  <testcase classname="com.udemy.spring.springselenium.CucumberRunner" name="runScenario" time="21.325"/>
  <testcase classname="com.udemy.spring.springselenium.CucumberRunner" name="runScenario" time="21.612"/>
</testsuite> <!-- com.udemy.spring.springselenium.CucumberRunner -->
