<?xml version="1.0" encoding="UTF-8"?>
<!-- Generated by org.testng.reporters.JUnitReportReporter -->
<testsuite hostname="DESKTOP-CFSKSBJ" failures="0" tests="4" name="com.udemy.spring.springselenium.CucumberRunner" time="150.803" errors="0" timestamp="2025-01-12T00:32:49 IST" skipped="0">
  <testcase classname="com.udemy.spring.springselenium.CucumberRunner" name="runScenario" time="37.012"/>
  <testcase classname="com.udemy.spring.springselenium.CucumberRunner" name="runScenario" time="38.542"/>
  <testcase classname="com.udemy.spring.springselenium.CucumberRunner" name="runScenario" time="36.914"/>
  <testcase classname="com.udemy.spring.springselenium.CucumberRunner" name="runScenario" time="38.335"/>
</testsuite> <!-- com.udemy.spring.springselenium.CucumberRunner -->
